# JRE version: OpenJDK Runtime Environment (11.0.10+9) (build 11.0.10+9-Ubuntu-0ubuntu1.20.04)
# Java VM: OpenJDK 64-Bit Server VM (11.0.10+9-Ubuntu-0ubuntu1.20.04, mixed mode, sharing, tiered, compressed oops, g1 gc, linux-amd64)
Heap:
 garbage-first heap   total 137216K, used 74227K [0x00000000c4600000, 0x0000000100000000)
  region size 1024K, 59 young (60416K), 8 survivors (8192K)
 Metaspace       used 42118K, capacity 43845K, committed 44032K, reserved 1087488K
  class space    used 5713K, capacity 6395K, committed 6400K, reserved 1048576K
GC Heap History (20 events):
Event: 3.246 GC heap before
{Heap before GC invocations=3 (full 0):
 garbage-first heap   total 63488K, used 39819K [0x00000000c4600000, 0x0000000100000000)
  region size 1024K, 35 young (35840K), 4 survivors (4096K)
 Metaspace       used 14127K, capacity 14764K, committed 14976K, reserved 1062912K
  class space    used 1809K, capacity 2066K, committed 2176K, reserved 1048576K
}
Event: 3.273 GC heap after
{Heap after GC invocations=4 (full 0):
 garbage-first heap   total 63488K, used 9662K [0x00000000c4600000, 0x0000000100000000)
  region size 1024K, 3 young (3072K), 3 survivors (3072K)
 Metaspace       used 14127K, capacity 14764K, committed 14976K, reserved 1062912K
  class space    used 1809K, capacity 2066K, committed 2176K, reserved 1048576K
}
Event: 3.612 GC heap before
{Heap before GC invocations=4 (full 0):
 garbage-first heap   total 63488K, used 42430K [0x00000000c4600000, 0x0000000100000000)
  region size 1024K, 35 young (35840K), 3 survivors (3072K)
 Metaspace       used 16299K, capacity 17009K, committed 17408K, reserved 1064960K
  class space    used 2170K, capacity 2468K, committed 2560K, reserved 1048576K
}
Event: 3.624 GC heap after
{Heap after GC invocations=5 (full 0):
 garbage-first heap   total 94208K, used 10277K [0x00000000c4600000, 0x0000000100000000)
  region size 1024K, 3 young (3072K), 3 survivors (3072K)
 Metaspace       used 16299K, capacity 17009K, committed 17408K, reserved 1064960K
  class space    used 2170K, capacity 2468K, committed 2560K, reserved 1048576K
}
Event: 4.047 GC heap before
{Heap before GC invocations=5 (full 0):
 garbage-first heap   total 94208K, used 55333K [0x00000000c4600000, 0x0000000100000000)
  region size 1024K, 47 young (48128K), 3 survivors (3072K)
 Metaspace       used 18717K, capacity 19535K, committed 19712K, reserved 1067008K
  class space    used 2498K, capacity 2795K, committed 2816K, reserved 1048576K
}
Event: 4.063 GC heap after
{Heap after GC invocations=6 (full 0):
 garbage-first heap   total 94208K, used 11289K [0x00000000c4600000, 0x0000000100000000)
  region size 1024K, 4 young (4096K), 4 survivors (4096K)
 Metaspace       used 18717K, capacity 19535K, committed 19712K, reserved 1067008K
  class space    used 2498K, capacity 2795K, committed 2816K, reserved 1048576K
}
Event: 4.281 GC heap before
{Heap before GC invocations=6 (full 0):
 garbage-first heap   total 94208K, used 34841K [0x00000000c4600000, 0x0000000100000000)
  region size 1024K, 28 young (28672K), 4 survivors (4096K)
 Metaspace       used 20306K, capacity 21127K, committed 21248K, reserved 1067008K
  class space    used 2685K, capacity 3009K, committed 3072K, reserved 1048576K
}
Event: 4.296 GC heap after
{Heap after GC invocations=7 (full 0):
 garbage-first heap   total 94208K, used 12371K [0x00000000c4600000, 0x0000000100000000)
  region size 1024K, 5 young (5120K), 5 survivors (5120K)
 Metaspace       used 20306K, capacity 21127K, committed 21248K, reserved 1067008K
  class space    used 2685K, capacity 3009K, committed 3072K, reserved 1048576K
}
Event: 5.183 GC heap before
{Heap before GC invocations=8 (full 0):
 garbage-first heap   total 94208K, used 59475K [0x00000000c4600000, 0x0000000100000000)
  region size 1024K, 51 young (52224K), 5 survivors (5120K)
 Metaspace       used 21945K, capacity 22826K, committed 23040K, reserved 1069056K
  class space    used 2935K, capacity 3296K, committed 3328K, reserved 1048576K
}
Event: 5.200 GC heap after
{Heap after GC invocations=9 (full 0):
 garbage-first heap   total 94208K, used 13472K [0x00000000c4600000, 0x0000000100000000)
  region size 1024K, 5 young (5120K), 5 survivors (5120K)
 Metaspace       used 21945K, capacity 22826K, committed 23040K, reserved 1069056K
  class space    used 2935K, capacity 3296K, committed 3328K, reserved 1048576K
}
Event: 6.070 GC heap before
{Heap before GC invocations=9 (full 0):
 garbage-first heap   total 94208K, used 62624K [0x00000000c4600000, 0x0000000100000000)
  region size 1024K, 53 young (54272K), 5 survivors (5120K)
 Metaspace       used 24287K, capacity 25266K, committed 25472K, reserved 1071104K
  class space    used 3308K, capacity 3699K, committed 3712K, reserved 1048576K
}
Event: 6.088 GC heap after
{Heap after GC invocations=10 (full 0):
 garbage-first heap   total 113664K, used 14441K [0x00000000c4600000, 0x0000000100000000)
  region size 1024K, 5 young (5120K), 5 survivors (5120K)
 Metaspace       used 24287K, capacity 25266K, committed 25472K, reserved 1071104K
  class space    used 3308K, capacity 3699K, committed 3712K, reserved 1048576K
}
Event: 7.460 GC heap before
{Heap before GC invocations=10 (full 0):
 garbage-first heap   total 113664K, used 70761K [0x00000000c4600000, 0x0000000100000000)
  region size 1024K, 60 young (61440K), 5 survivors (5120K)
 Metaspace       used 28158K, capacity 29311K, committed 29440K, reserved 1075200K
  class space    used 3780K, capacity 4234K, committed 4352K, reserved 1048576K
}
Event: 7.482 GC heap after
{Heap after GC invocations=11 (full 0):
 garbage-first heap   total 113664K, used 16679K [0x00000000c4600000, 0x0000000100000000)
  region size 1024K, 6 young (6144K), 6 survivors (6144K)
 Metaspace       used 28158K, capacity 29311K, committed 29440K, reserved 1075200K
  class space    used 3780K, capacity 4234K, committed 4352K, reserved 1048576K
}
Event: 8.522 GC heap before
{Heap before GC invocations=11 (full 0):
 garbage-first heap   total 113664K, used 77095K [0x00000000c4600000, 0x0000000100000000)
  region size 1024K, 66 young (67584K), 6 survivors (6144K)
 Metaspace       used 31405K, capacity 32701K, committed 33024K, reserved 1077248K
  class space    used 4239K, capacity 4765K, committed 4864K, reserved 1048576K
}
Event: 8.537 GC heap after
{Heap after GC invocations=12 (full 0):
 garbage-first heap   total 113664K, used 18596K [0x00000000c4600000, 0x0000000100000000)
  region size 1024K, 6 young (6144K), 6 survivors (6144K)
 Metaspace       used 31405K, capacity 32701K, committed 33024K, reserved 1077248K
  class space    used 4239K, capacity 4765K, committed 4864K, reserved 1048576K
}
Event: 9.512 GC heap before
{Heap before GC invocations=12 (full 0):
 garbage-first heap   total 113664K, used 62628K [0x00000000c4600000, 0x0000000100000000)
  region size 1024K, 50 young (51200K), 6 survivors (6144K)
 Metaspace       used 34247K, capacity 35709K, committed 35840K, reserved 1079296K
  class space    used 4669K, capacity 5254K, committed 5376K, reserved 1048576K
}
Event: 9.539 GC heap after
{Heap after GC invocations=13 (full 0):
 garbage-first heap   total 113664K, used 20242K [0x00000000c4600000, 0x0000000100000000)
  region size 1024K, 6 young (6144K), 6 survivors (6144K)
 Metaspace       used 34247K, capacity 35709K, committed 35840K, reserved 1079296K
  class space    used 4669K, capacity 5254K, committed 5376K, reserved 1048576K
}
Event: 10.811 GC heap before
{Heap before GC invocations=14 (full 0):
 garbage-first heap   total 113664K, used 81682K [0x00000000c4600000, 0x0000000100000000)
  region size 1024K, 66 young (67584K), 6 survivors (6144K)
 Metaspace       used 38156K, capacity 39764K, committed 39936K, reserved 1083392K
  class space    used 5223K, capacity 5869K, committed 5888K, reserved 1048576K
}
Event: 10.832 GC heap after
{Heap after GC invocations=15 (full 0):
 garbage-first heap   total 137216K, used 24051K [0x00000000c4600000, 0x0000000100000000)
  region size 1024K, 8 young (8192K), 8 survivors (8192K)
 Metaspace       used 38156K, capacity 39764K, committed 39936K, reserved 1083392K
  class space    used 5223K, capacity 5869K, committed 5888K, reserved 1048576K
}

