# JRE version: OpenJDK Runtime Environment (11.0.10+9) (build 11.0.10+9-Ubuntu-0ubuntu1.20.04)
# Java VM: OpenJDK 64-Bit Server VM (11.0.10+9-Ubuntu-0ubuntu1.20.04, mixed mode, sharing, tiered, compressed oops, g1 gc, linux-amd64)
Heap:
 garbage-first heap   total 115712K, used 84119K [0x00000000c4600000, 0x0000000100000000)
  region size 1024K, 65 young (66560K), 4 survivors (4096K)
 Metaspace       used 40388K, capacity 42039K, committed 42368K, reserved 1085440K
  class space    used 5508K, capacity 6174K, committed 6272K, reserved 1048576K
GC Heap History (20 events):
Event: 5.586 GC heap before
{Heap before GC invocations=5 (full 0):
 garbage-first heap   total 76800K, used 42132K [0x00000000c4600000, 0x0000000100000000)
  region size 1024K, 36 young (36864K), 3 survivors (3072K)
 Metaspace       used 15619K, capacity 16351K, committed 16512K, reserved 1062912K
  class space    used 2031K, capacity 2330K, committed 2432K, reserved 1048576K
}
Event: 5.606 GC heap after
{Heap after GC invocations=6 (full 0):
 garbage-first heap   total 76800K, used 10031K [0x00000000c4600000, 0x0000000100000000)
  region size 1024K, 3 young (3072K), 3 survivors (3072K)
 Metaspace       used 15619K, capacity 16351K, committed 16512K, reserved 1062912K
  class space    used 2031K, capacity 2330K, committed 2432K, reserved 1048576K
}
Event: 5.950 GC heap before
{Heap before GC invocations=6 (full 0):
 garbage-first heap   total 76800K, used 44847K [0x00000000c4600000, 0x0000000100000000)
  region size 1024K, 38 young (38912K), 3 survivors (3072K)
 Metaspace       used 17663K, capacity 18416K, committed 18560K, reserved 1064960K
  class space    used 2386K, capacity 2677K, committed 2688K, reserved 1048576K
}
Event: 5.965 GC heap after
{Heap after GC invocations=7 (full 0):
 garbage-first heap   total 76800K, used 10809K [0x00000000c4600000, 0x0000000100000000)
  region size 1024K, 3 young (3072K), 3 survivors (3072K)
 Metaspace       used 17663K, capacity 18416K, committed 18560K, reserved 1064960K
  class space    used 2386K, capacity 2677K, committed 2688K, reserved 1048576K
}
Event: 6.367 GC heap before
{Heap before GC invocations=7 (full 0):
 garbage-first heap   total 76800K, used 47673K [0x00000000c4600000, 0x0000000100000000)
  region size 1024K, 41 young (41984K), 3 survivors (3072K)
 Metaspace       used 20209K, capacity 21025K, committed 21248K, reserved 1067008K
  class space    used 2643K, capacity 2971K, committed 3072K, reserved 1048576K
}
Event: 6.385 GC heap after
{Heap after GC invocations=8 (full 0):
 garbage-first heap   total 76800K, used 11833K [0x00000000c4600000, 0x0000000100000000)
  region size 1024K, 4 young (4096K), 4 survivors (4096K)
 Metaspace       used 20209K, capacity 21025K, committed 21248K, reserved 1067008K
  class space    used 2643K, capacity 2971K, committed 3072K, reserved 1048576K
}
Event: 7.095 GC heap before
{Heap before GC invocations=9 (full 0):
 garbage-first heap   total 76800K, used 51769K [0x00000000c4600000, 0x0000000100000000)
  region size 1024K, 43 young (44032K), 4 survivors (4096K)
 Metaspace       used 21763K, capacity 22666K, committed 22784K, reserved 1069056K
  class space    used 2897K, capacity 3262K, committed 3328K, reserved 1048576K
}
Event: 7.114 GC heap after
{Heap after GC invocations=10 (full 0):
 garbage-first heap   total 92160K, used 13177K [0x00000000c4600000, 0x0000000100000000)
  region size 1024K, 4 young (4096K), 4 survivors (4096K)
 Metaspace       used 21763K, capacity 22666K, committed 22784K, reserved 1069056K
  class space    used 2897K, capacity 3262K, committed 3328K, reserved 1048576K
}
Event: 7.978 GC heap before
{Heap before GC invocations=11 (full 0):
 garbage-first heap   total 92160K, used 56185K [0x00000000c4600000, 0x0000000100000000)
  region size 1024K, 47 young (48128K), 4 survivors (4096K)
 Metaspace       used 23554K, capacity 24535K, committed 24832K, reserved 1071104K
  class space    used 3177K, capacity 3558K, committed 3584K, reserved 1048576K
}
Event: 7.993 GC heap after
{Heap after GC invocations=12 (full 0):
 garbage-first heap   total 92160K, used 13861K [0x00000000c4600000, 0x0000000100000000)
  region size 1024K, 4 young (4096K), 4 survivors (4096K)
 Metaspace       used 23554K, capacity 24535K, committed 24832K, reserved 1071104K
  class space    used 3177K, capacity 3558K, committed 3584K, reserved 1048576K
}
Event: 8.809 GC heap before
{Heap before GC invocations=12 (full 0):
 garbage-first heap   total 92160K, used 60965K [0x00000000c4600000, 0x0000000100000000)
  region size 1024K, 50 young (51200K), 4 survivors (4096K)
 Metaspace       used 26650K, capacity 27739K, committed 27904K, reserved 1073152K
  class space    used 3640K, capacity 4068K, committed 4096K, reserved 1048576K
}
Event: 8.834 GC heap after
{Heap after GC invocations=13 (full 0):
 garbage-first heap   total 92160K, used 15517K [0x00000000c4600000, 0x0000000100000000)
  region size 1024K, 5 young (5120K), 5 survivors (5120K)
 Metaspace       used 26650K, capacity 27739K, committed 27904K, reserved 1073152K
  class space    used 3640K, capacity 4068K, committed 4096K, reserved 1048576K
}
Event: 9.358 GC heap before
{Heap before GC invocations=13 (full 0):
 garbage-first heap   total 92160K, used 65693K [0x00000000c4600000, 0x0000000100000000)
  region size 1024K, 54 young (55296K), 5 survivors (5120K)
 Metaspace       used 29138K, capacity 30366K, committed 30592K, reserved 1075200K
  class space    used 3919K, capacity 4387K, committed 4480K, reserved 1048576K
}
Event: 9.386 GC heap after
{Heap after GC invocations=14 (full 0):
 garbage-first heap   total 92160K, used 16615K [0x00000000c4600000, 0x0000000100000000)
  region size 1024K, 5 young (5120K), 5 survivors (5120K)
 Metaspace       used 29138K, capacity 30366K, committed 30592K, reserved 1075200K
  class space    used 3919K, capacity 4387K, committed 4480K, reserved 1048576K
}
Event: 10.525 GC heap before
{Heap before GC invocations=14 (full 0):
 garbage-first heap   total 92160K, used 66791K [0x00000000c4600000, 0x0000000100000000)
  region size 1024K, 54 young (55296K), 5 survivors (5120K)
 Metaspace       used 32551K, capacity 33951K, committed 34176K, reserved 1079296K
  class space    used 4393K, capacity 4944K, committed 4992K, reserved 1048576K
}
Event: 10.547 GC heap after
{Heap after GC invocations=15 (full 0):
 garbage-first heap   total 115712K, used 18970K [0x00000000c4600000, 0x0000000100000000)
  region size 1024K, 6 young (6144K), 6 survivors (6144K)
 Metaspace       used 32551K, capacity 33951K, committed 34176K, reserved 1079296K
  class space    used 4393K, capacity 4944K, committed 4992K, reserved 1048576K
}
Event: 13.235 GC heap before
{Heap before GC invocations=15 (full 0):
 garbage-first heap   total 115712K, used 75290K [0x00000000c4600000, 0x0000000100000000)
  region size 1024K, 61 young (62464K), 6 survivors (6144K)
 Metaspace       used 35517K, capacity 37082K, committed 37248K, reserved 1081344K
  class space    used 4862K, capacity 5490K, committed 5504K, reserved 1048576K
}
Event: 13.259 GC heap after
{Heap after GC invocations=16 (full 0):
 garbage-first heap   total 115712K, used 21706K [0x00000000c4600000, 0x0000000100000000)
  region size 1024K, 7 young (7168K), 7 survivors (7168K)
 Metaspace       used 35517K, capacity 37082K, committed 37248K, reserved 1081344K
  class space    used 4862K, capacity 5490K, committed 5504K, reserved 1048576K
}
Event: 13.836 GC heap before
{Heap before GC invocations=16 (full 0):
 garbage-first heap   total 115712K, used 28874K [0x00000000c4600000, 0x0000000100000000)
  region size 1024K, 15 young (15360K), 7 survivors (7168K)
 Metaspace       used 36203K, capacity 37754K, committed 37888K, reserved 1081344K
  class space    used 4944K, capacity 5586K, committed 5632K, reserved 1048576K
}
Event: 13.867 GC heap after
{Heap after GC invocations=17 (full 0):
 garbage-first heap   total 115712K, used 22679K [0x00000000c4600000, 0x0000000100000000)
  region size 1024K, 4 young (4096K), 4 survivors (4096K)
 Metaspace       used 36203K, capacity 37754K, committed 37888K, reserved 1081344K
  class space    used 4944K, capacity 5586K, committed 5632K, reserved 1048576K
}

